"../../../../../Documents/GitHub/MoonJunk/Content/Audio/SFX.uasset" 0
"../../../../../Documents/GitHub/MoonJunk/Content/Audio/SFX/AI/Ai_alert.uasset" 1
"../../../../../Documents/GitHub/MoonJunk/Content/Audio/SFX/Ambiences/Ambience.uasset" 2
"../../../../../Documents/GitHub/MoonJunk/Content/Audio/SFX/Ambiences/Electrical.uasset" 3
"../../../../../Documents/GitHub/MoonJunk/Content/Audio/SFX/Ambiences/Fans.uasset" 4
"../../../../../Documents/GitHub/MoonJunk/Content/Audio/SFX/Ambiences/Outside_the_door_ambience.uasset" 5
"../../../../../Documents/GitHub/MoonJunk/Content/Audio/SFX/Ambiences/Tree_Rustle.uasset" 6
"../../../../../Documents/GitHub/MoonJunk/Content/Audio/SFX/Ambiences/Water.uasset" 7
"../../../../../Documents/GitHub/MoonJunk/Content/UI/GameUi/timer.uasset" 8
"../../../../../Documents/GitHub/MoonJunk/Content/UI/GameUi/statusbox.uasset" 9
"../../../../../Documents/GitHub/MoonJunk/Content/UI/GameUi/progresson.uasset" 10
"../../../../../Documents/GitHub/MoonJunk/Content/UI/GameUi/progressoff.uasset" 11
"../../../../../Documents/GitHub/MoonJunk/Content/UI/GameUi/grappleon.uasset" 12
"../../../../../Documents/GitHub/MoonJunk/Content/UI/GameUi/empon.uasset" 13
"../../../../../Documents/GitHub/MoonJunk/Content/UI/GameUi/empoff.uasset" 14
"../../../../../Documents/GitHub/MoonJunk/Content/Garbage/NGarbageMesh/Plutonium_Normal_DirectX.uasset" 15
"../../../../../Documents/GitHub/MoonJunk/Content/Garbage/NGarbageMesh/Plutonium_Emissive.uasset" 16
"../../../../../Documents/GitHub/MoonJunk/Content/Garbage/NGarbageMesh/Plutonium_Base_color.uasset" 17
"../../../../../Documents/GitHub/MoonJunk/Content/Garbage/NGarbageMesh/Plutonium.uasset" 18
"../../../../../Documents/GitHub/MoonJunk/Content/Garbage/NGarbageMesh/Collectable_Shel_Roughness.uasset" 19
"../../../../../Documents/GitHub/MoonJunk/Content/Garbage/NGarbageMesh/Collectable_Shell_Normal_DirectX.uasset" 20
"../../../../../Documents/GitHub/MoonJunk/Content/Garbage/NGarbageMesh/Collectable_Shell_Mixed_AO.uasset" 21
"../../../../../Documents/GitHub/MoonJunk/Content/Garbage/NGarbageMesh/Collectable_Shell_Metallic.uasset" 22
"../../../../../Documents/GitHub/MoonJunk/Content/Garbage/NGarbageMesh/Collectable_shell_Base_color.uasset" 23
"../../../../../Documents/GitHub/MoonJunk/Content/Garbage/NGarbageMesh/lambert1.uasset" 24
"../../../../../Documents/GitHub/MoonJunk/Content/Garbage/NGarbageMesh/A_Collectable_LP.uasset" 25
"../../../../../Documents/GitHub/MoonJunk/Content/Garbage/BP_HeldGarbage.uasset" 26
"../../../../../Documents/GitHub/MoonJunk/Content/UI/MenuUI/PauseMenu/nasalization-rg.uasset" 27
"../../../../../Documents/GitHub/MoonJunk/Content/UI/MenuUI/PauseMenu/nasalization-rg_Font.uasset" 28
"../../../../../Documents/GitHub/MoonJunk/Content/Garbage/EHandChangeReason.uasset" 29
"../../../Engine/Content/EditorBlueprintResources/StandardMacros.uasset" 30
"../../../../../Documents/GitHub/MoonJunk/Content/Garbage/BP_PickableGarbage.uasset" 31
"../../../../../Documents/GitHub/MoonJunk/Content/Garbage/BP_GarbageHandComponent.uasset" 32
"../../../../../Documents/GitHub/MoonJunk/Content/UI/MenuUI/MainMenu/buttonfilledwhite.uasset" 33
"../../../../../Documents/GitHub/MoonJunk/Content/UI/MenuUI/MainMenu/buttonfilledblack.uasset" 34
"../../../../../Documents/GitHub/MoonJunk/Content/UI/MenuUI/MainMenu/buttonempty.uasset" 35
"../../../../../Documents/GitHub/MoonJunk/Content/UI/GameUi/VolumeControl/SFXControl.uasset" 36
"../../../../../Documents/GitHub/MoonJunk/Content/UI/GameUi/VolumeControl/SFXMix.uasset" 37
"../../../../../Documents/GitHub/MoonJunk/Content/UI/GameUi/VolumeControl/MusicControl.uasset" 38
"../../../../../Documents/GitHub/MoonJunk/Content/UI/GameUi/VolumeControl/MusicMix.uasset" 39
"../../../../../Documents/GitHub/MoonJunk/Content/UI/MenuUI/PauseMenu/299421main_lonerstarburst_20081120_HI_full.uasset" 40
"../../../../../Documents/GitHub/MoonJunk/Content/Audio/SFX/UI.uasset" 41
"../../../../../Documents/GitHub/MoonJunk/Content/WallRunning/EWallSide.uasset" 42
"../../../../../Documents/GitHub/MoonJunk/Content/WallRunning/EWallRunEndReason.uasset" 43
"../../../../../Documents/GitHub/MoonJunk/Content/UI/MenuUI/PauseMenu/SettingsPauseMenu.uasset" 44
"../../../../../Documents/GitHub/MoonJunk/Content/UI/MenuUI/PauseMenu/pauseblank.uasset" 45
"../../../../../Documents/GitHub/MoonJunk/Content/UI/MenuUI/PauseMenu/PauseMenu.uasset" 46
"../../../../../Documents/GitHub/MoonJunk/Content/EmpGrenade/Material_002.uasset" 47
"../../../../../Documents/GitHub/MoonJunk/Content/GrapplingHook/grapplegun.uasset" 48
"../../../Engine/Content/EngineMaterials/T_Default_Material_Grid_N.uasset" 49
"../../../Engine/Content/EngineMaterials/T_Default_Material_Grid_M.uasset" 50
"../../../Engine/Content/Functions/Engine_MaterialFunctions01/Opacity/CameraDepthFade.uasset" 51
"../../../Engine/Content/EngineMaterials/DefaultMaterial.uasset" 52
"../../../Engine/Content/BasicShapes/Sphere.uasset" 53
"../../../Engine/Content/BasicShapes/BasicShapeMaterial.uasset" 54
"../../../../../Documents/GitHub/MoonJunk/Content/GrapplingHook/GrapplingHookPoint.uasset" 55
"../../../../../Documents/GitHub/MoonJunk/Content/FirstPerson/Meshes/BaseMaterial.uasset" 56
"../../../../../Documents/GitHub/MoonJunk/Content/FirstPerson/Meshes/FirstPersonProjectileMaterial.uasset" 57
"../../../../../Documents/GitHub/MoonJunk/Content/FirstPerson/Meshes/FirstPersonProjectileMesh.uasset" 58
"../../../../../Documents/GitHub/MoonJunk/Content/FirstPersonBP/Blueprints/FirstPersonProjectile.uasset" 59
"../../../../../Documents/GitHub/MoonJunk/Content/FirstPerson/Character/Mesh/SK_Mannequin_Arms_PhysicsAsset.uasset" 60
"../../../../../Documents/GitHub/MoonJunk/Content/FirstPerson/Character/Textures/UE4_Mannequin_MAT_MASKA.uasset" 61
"../../../../../Documents/GitHub/MoonJunk/Content/FirstPerson/Character/Textures/UE4_Mannequin__normals.uasset" 62
"../../../../../Documents/GitHub/MoonJunk/Content/FirstPerson/Character/Materials/MaterialLayers/T_ML_Aluminum01.uasset" 63
"../../../../../Documents/GitHub/MoonJunk/Content/FirstPerson/Character/Materials/MaterialLayers/T_ML_Aluminum01_N.uasset" 64
"../../../../../Documents/GitHub/MoonJunk/Content/FirstPerson/Character/Materials/MaterialLayers/ML_SoftMetal_UE4.uasset" 65
"../../../../../Documents/GitHub/MoonJunk/Content/FirstPerson/Character/Textures/UE4_LOGO_CARD.uasset" 66
"../../../../../Documents/GitHub/MoonJunk/Content/FirstPerson/Character/Materials/MaterialLayers/ML_Plastic_Shiny_Beige_LOGO.uasset" 67
"../../../../../Documents/GitHub/MoonJunk/Content/FirstPerson/Character/Materials/MaterialLayers/ML_Plastic_Shiny_Beige.uasset" 68
"../../../../../Documents/GitHub/MoonJunk/Content/FirstPerson/Character/Materials/MaterialLayers/T_ML_Rubber_Blue_01_N.uasset" 69
"../../../../../Documents/GitHub/MoonJunk/Content/FirstPerson/Character/Materials/MaterialLayers/T_ML_Rubber_Blue_01_D.uasset" 70
"../../../../../Documents/GitHub/MoonJunk/Content/FirstPerson/Character/Materials/MaterialLayers/ML_GlossyBlack_Latex_UE4.uasset" 71
"../../../Engine/Content/Functions/MaterialLayerFunctions/MatLayerBlend_Simple.uasset" 72
"../../../Engine/Content/Functions/Engine_MaterialFunctions02/Utility/BlendAngleCorrectedNormals.uasset" 73
"../../../Engine/Content/Functions/MaterialLayerFunctions/MatLayerBlend_NormalBlend.uasset" 74
"../../../../../Documents/GitHub/MoonJunk/Content/FirstPerson/Character/Materials/M_UE4Man_Body.uasset" 75
"../../../../../Documents/GitHub/MoonJunk/Content/FirstPerson/Character/Mesh/SK_Mannequin_Arms_Skeleton.uasset" 76
"../../../../../Documents/GitHub/MoonJunk/Content/FirstPerson/Character/Mesh/SK_Mannequin_Arms.uasset" 77
"../../../../../Documents/GitHub/MoonJunk/Content/FirstPerson/Audio/FirstPersonTemplateWeaponFire02.uasset" 78
"../../../../../Documents/GitHub/MoonJunk/Content/FirstPerson/Animations/FirstPerson_Run.uasset" 79
"../../../../../Documents/GitHub/MoonJunk/Content/FirstPerson/Animations/FirstPerson_JumpStart.uasset" 80
"../../../../../Documents/GitHub/MoonJunk/Content/FirstPerson/Animations/FirstPerson_JumpLoop.uasset" 81
"../../../../../Documents/GitHub/MoonJunk/Content/FirstPerson/Animations/FirstPerson_JumpEnd.uasset" 82
"../../../../../Documents/GitHub/MoonJunk/Content/FirstPerson/Animations/FirstPerson_Idle.uasset" 83
"../../../../../Documents/GitHub/MoonJunk/Content/FirstPerson/Animations/FirstPerson_AnimBP.uasset" 84
"../../../../../Documents/GitHub/MoonJunk/Content/FirstPerson/Animations/FirstPerson_Fire.uasset" 85
"../../../../../Documents/GitHub/MoonJunk/Content/FirstPerson/Animations/FirstPersonFire_Montage.uasset" 86
"../../../../../Documents/GitHub/MoonJunk/Content/EmpGrenade/Material_001.uasset" 87
"../../../../../Documents/GitHub/MoonJunk/Content/GrapplingHook/grenade.uasset" 88
"../../Plugins/Developer/AnimationSharing/Content/AnimSharingBase.uasset" 89
"../../Plugins/Developer/AnimationSharing/Content/AnimSharingBlue.uasset" 90
"../../../Engine/Content/EditorMeshes/ColorCalibrator/M_GreyBall.uasset" 91
"../../../../../Documents/GitHub/MoonJunk/Content/StarterContent/Audio/Fire_Sparks01.uasset" 92
"../../../../../Documents/GitHub/MoonJunk/Content/StarterContent/Audio/Fire_Sparks01_Cue.uasset" 93
"../../../../../Documents/GitHub/MoonJunk/Content/StarterContent/Textures/T_Spark_Core.uasset" 94
"../../../../../Documents/GitHub/MoonJunk/Content/StarterContent/Particles/Materials/M_Spark.uasset" 95
"../../../Engine/Content/Functions/Engine_MaterialFunctions01/Gradient/RadialGradient.uasset" 96
"../../../../../Documents/GitHub/MoonJunk/Content/StarterContent/Particles/Materials/M_Radial_Gradient.uasset" 97
"../../../../../Documents/GitHub/MoonJunk/Content/StarterContent/Textures/T_Smoke_Tiled_D.uasset" 98
"../../../../../Documents/GitHub/MoonJunk/Content/StarterContent/Textures/T_Smoke_SubUV.uasset" 99
"../../../../../Documents/GitHub/MoonJunk/Content/StarterContent/Particles/Materials/M_smoke_subUV.uasset" 100
"../../../../../Documents/GitHub/MoonJunk/Content/StarterContent/Particles/P_Sparks.uasset" 101
"../../../../../Documents/GitHub/MoonJunk/Content/StarterContent/Blueprints/Blueprint_Effect_Sparks.uasset" 102
"../../../../../Documents/GitHub/MoonJunk/Content/Audio/SFX/Player/Emp_Grenade.uasset" 103
"../../../../../Documents/GitHub/MoonJunk/Content/Robotics/Model/m_Solar_Panel_Roughness.uasset" 104
"../../../../../Documents/GitHub/MoonJunk/Content/Robotics/Model/m_Solar_Panel_Normal_DirectX.uasset" 105
"../../../../../Documents/GitHub/MoonJunk/Content/Robotics/Model/m_Solar_Panel_Mixed_AO.uasset" 106
"../../../../../Documents/GitHub/MoonJunk/Content/Robotics/Model/m_Solar_Panel_Metallic.uasset" 107
"../../../../../Documents/GitHub/MoonJunk/Content/Robotics/Model/m_Solar_Panel_Base_color.uasset" 108
"../../../Engine/Content/EngineMaterials/BaseFlattenNormalMap.uasset" 109
"../../../Engine/Content/EngineMaterials/BaseFlattenGrayscaleMap.uasset" 110
"../../../Engine/Content/EngineMaterials/BaseFlattenEmissiveMap.uasset" 111
"../../../Engine/Content/EngineMaterials/BaseFlattenDiffuseMap.uasset" 112
"../../../Engine/Content/EngineMaterials/NewBaseFlattenMaterial.uasset" 113
"../../../../../Documents/GitHub/MoonJunk/Content/Robotics/Model/MI_RobotPanel.uasset" 114
"../../../../../Documents/GitHub/MoonJunk/Content/Robotics/Model/m_Rocket_Head_Normal_DirectX.uasset" 115
"../../../../../Documents/GitHub/MoonJunk/Content/Robotics/Model/m_Rocket_Head_Mixed_AO.uasset" 116
"../../../../../Documents/GitHub/MoonJunk/Content/Robotics/Model/m_Rocket_Head_Metallic.uasset" 117
"../../../../../Documents/GitHub/MoonJunk/Content/Robotics/Model/m_Rocket_Head_Emissive.uasset" 118
"../../../../../Documents/GitHub/MoonJunk/Content/Robotics/Model/m_Rocket_Head_Base_color.uasset" 119
"../../../../../Documents/GitHub/MoonJunk/Content/Robotics/Model/MI_RobotHead.uasset" 120
"../../../../../Documents/GitHub/MoonJunk/Content/Robotics/Model/m_Main_body_Roughness.uasset" 121
"../../../../../Documents/GitHub/MoonJunk/Content/Robotics/Model/m_Main_body_Normal_DirectX.uasset" 122
"../../../../../Documents/GitHub/MoonJunk/Content/Robotics/Model/m_Main_body_Mixed_AO.uasset" 123
"../../../../../Documents/GitHub/MoonJunk/Content/Robotics/Model/m_Main_body_Metallic.uasset" 124
"../../../../../Documents/GitHub/MoonJunk/Content/Robotics/Model/m_Main_body_Base_color.uasset" 125
"../../../../../Documents/GitHub/MoonJunk/Content/Robotics/Model/MI_RobotBody.uasset" 126
"../../../../../Documents/GitHub/MoonJunk/Content/Robotics/Model/m_Arm_Roughness.uasset" 127
"../../../../../Documents/GitHub/MoonJunk/Content/Robotics/Model/m_Arm_Normal_DirectX.uasset" 128
"../../../../../Documents/GitHub/MoonJunk/Content/Robotics/Model/m_Arm_Mixed_AO.uasset" 129
"../../../../../Documents/GitHub/MoonJunk/Content/Robotics/Model/m_Arm_Metallic.uasset" 130
"../../../../../Documents/GitHub/MoonJunk/Content/Robotics/Model/m_Arm_Base_color.uasset" 131
"../../../../../Documents/GitHub/MoonJunk/Content/Robotics/Model/MI_RobotArm.uasset" 132
"../../../../../Documents/GitHub/MoonJunk/Content/Robotics/Model/A_Enemy_Bot_LP.uasset" 133
"../../../../../Documents/GitHub/MoonJunk/Content/BioDomeLevel/Meshes/VentsETC/MI_VentMetal.uasset" 134
"../../../../../Documents/GitHub/MoonJunk/Content/BioDomeLevel/Meshes/VentsETC/A_LargeVent_LP.uasset" 135
"../../../../../Documents/GitHub/MoonJunk/Content/Garbage/BP_RobotGarbageDepot.uasset" 136
"../../../../../Documents/GitHub/MoonJunk/Content/Robotics/Drone/BP_RobotDroneAIController.uasset" 137
"../../../../../Documents/GitHub/MoonJunk/Content/Audio/SFX/AI/Ai_Ambience.uasset" 138
"../../../../../Documents/GitHub/MoonJunk/Content/Robotics/Drone/BP_RobotDronePawn.uasset" 139
"../../../../../Documents/GitHub/MoonJunk/Content/Robotics/Walker/BP_RobotWalkerAIController.uasset" 140
"../../../../../Documents/GitHub/MoonJunk/Content/Robotics/Walker/BP_RobotWalkerChar.uasset" 141
"../../../../../Documents/GitHub/MoonJunk/Content/EmpGrenade/EmpGrenade.uasset" 142
"../../../../../Documents/GitHub/MoonJunk/Content/Audio/SFX/Player/grapple_release.uasset" 143
"../../../../../Documents/GitHub/MoonJunk/Content/Audio/SFX/Player/Grapple_Gun.uasset" 144
"../../../../../Documents/GitHub/MoonJunk/Content/Audio/SFX/Player/Hazard_drop_off.uasset" 145
"../../../../../Documents/GitHub/MoonJunk/Content/Audio/SFX/Player/Jump.uasset" 146
"../../../../../Documents/GitHub/MoonJunk/Content/Audio/SFX/Player/Object_Pick_up.uasset" 147
"../../../../../Documents/GitHub/MoonJunk/Content/Audio/SFX/AI/Ai_steal.uasset" 148
"../../../../../Documents/GitHub/MoonJunk/Content/FirstPersonBP/Blueprints/FirstPersonCharacter.uasset" 149
"../../../../../Documents/GitHub/MoonJunk/Content/UI/GameUi/SettingsGameOver.uasset" 150
"../../../../../Documents/GitHub/MoonJunk/Content/UI/GameUi/GameOver.uasset" 151
"../../../../../Documents/GitHub/MoonJunk/Content/FirstPerson/Textures/FirstPersonCrosshair.uasset" 152
"../../../../../Documents/GitHub/MoonJunk/Content/FirstPersonBP/Blueprints/FirstPersonHUD.uasset" 153
"../../../../../Documents/GitHub/MoonJunk/Content/Audio/SFX/Ambiences/Alarm.uasset" 154
"../../../../../Documents/GitHub/MoonJunk/Content/FirstPersonBP/Blueprints/FirstPersonGameMode.uasset" 155
"../../../../../Documents/GitHub/MoonJunk/Content/UI/GameUi/GarbageCounter.uasset" 156
"../../../../../Documents/GitHub/MoonJunk/Content/UI/GameUi/grappleoff.uasset" 157
"../../../../../Documents/GitHub/MoonJunk/Content/UI/MenuUI/MainMenu/Settings.uasset" 158
"../../../Engine/Content/EngineResources/Black.uasset" 159
"../../../../../Documents/GitHub/MoonJunk/Content/Audio/Dialogue/Intro_Sequence.uasset" 160
"../../../../../Documents/GitHub/MoonJunk/Content/UI/MenuUI/MainMenu/Play1.uasset" 161
"../../../../../Documents/GitHub/MoonJunk/Content/UI/MenuUI/MainMenu/Credits.uasset" 162
"../../../../../Documents/GitHub/MoonJunk/Content/Audio/Music.uasset" 163
"../../../../../Documents/GitHub/MoonJunk/Content/Audio/Music/PlayMusic.uasset" 164
"../../../../../Documents/GitHub/MoonJunk/Content/UI/MenuUI/MainMenu/MainMenu.uasset" 165
"../../../../../Documents/GitHub/MoonJunk/Content/UI/MenuUI/MainMenu.uasset" 166
"../../../../../Documents/GitHub/MoonJunk/Content/UI/MenuUI/MainMenu/Play2.uasset" 167
"../../../../../Documents/GitHub/MoonJunk/Content/UI/MenuUI/PauseMenu/299421main_lonerstarburst_20081120_HI_full_-_Copy_-_Copy.uasset" 168
"../../../../../Documents/GitHub/MoonJunk/Content/UI/MenuUI/PauseMenu/pausemenu_-_Copy_-_Copy.uasset" 169
"../../../../../Documents/GitHub/MoonJunk/Content/UI/MenuUI/PauseMenu/startscreenbuttons_-_Copy_-_Copy.uasset" 170
"../../../../../Documents/GitHub/MoonJunk/Content/UI/MenuUI/PauseMenu/startscreentitlemj_-_Copy_-_Copy.uasset" 171
"../../../../../Documents/GitHub/MoonJunk/Content/UI/MenuUI/PauseMenu/startscreentitlesj_-_Copy_-_Copy.uasset" 172
"../../../../../Documents/GitHub/MoonJunk/Content/UI/MenuUI/PauseMenu/startscreentitletd_-_Copy_-_Copy.uasset" 173
"../../../Engine/Content/Animation/DefaultAnimBoneCompressionSettings.uasset" 174
"../../../Engine/Content/Animation/DefaultAnimCurveCompressionSettings.uasset" 175
"../../../Engine/Content/EngineMaterials/WorldGridMaterial.uasset" 176
"../../../Engine/Content/ArtTools/RenderToTexture/Meshes/S_1_Unit_Plane.uasset" 177
"../../../Engine/Content/BasicShapes/Cone.uasset" 178
"../../../Engine/Content/BasicShapes/Cube.uasset" 179
"../../../Engine/Content/BasicShapes/Plane.uasset" 180
"../../../Engine/Content/EditorLandscapeResources/DataLayer.uasset" 181
"../../../Engine/Content/EditorLandscapeResources/DefaultAlphaTexture.uasset" 182
"../../../Engine/Content/EditorMaterials/MAT_Groups_Toggle.uasset" 183
"../../../Engine/Content/EditorMaterials/MAT_Groups_Visibility.uasset" 184
"../../../Engine/Content/EditorMaterials/PreviewShadowIndicator.uasset" 185
"../../../Engine/Content/EditorMaterials/PreviewShadowIndicatorMaterial.uasset" 186
"../../../Engine/Content/EditorMaterials/MatineeGroups/MAT_ColorTrack.uasset" 187
"../../../Engine/Content/EditorMaterials/MatineeGroups/MAT_Groups_Anim.uasset" 188
"../../../Engine/Content/EditorMaterials/MatineeGroups/MAT_Groups_AudioMaster.uasset" 189
"../../../Engine/Content/EditorMaterials/MatineeGroups/MAT_Groups_Director.uasset" 190
"../../../Engine/Content/EditorMaterials/MatineeGroups/MAT_Groups_Event.uasset" 191
"../../../Engine/Content/EditorMaterials/MatineeGroups/MAT_Groups_Fade.uasset" 192
"../../../Engine/Content/EditorMaterials/MatineeGroups/MAT_Groups_Float.uasset" 193
"../../../Engine/Content/EditorMaterials/MatineeGroups/MAT_Groups_Move.uasset" 194
"../../../Engine/Content/EditorMaterials/MatineeGroups/MAT_Groups_Slomo.uasset" 195
"../../../Engine/Content/EditorMaterials/MatineeGroups/MAT_Groups_Sound.uasset" 196
"../../../Engine/Content/EditorMaterials/MatineeGroups/MAT_Groups_Vector.uasset" 197
"../../../Engine/Content/EditorMaterials/ParticleSystems/PSysThumbnail_NoImage.uasset" 198
"../../../Engine/Content/EditorMaterials/ParticleSystems/PSysThumbnail_OOD.uasset" 199
"../../../Engine/Content/EditorMaterials/Camera/CineMat.uasset" 200
"../../../Engine/Content/EditorMaterials/Camera/MI_CineMat_Rig.uasset" 201
"../../../Engine/Content/EditorMeshes/Camera/SM_CraneRig_Arm.uasset" 202
"../../../Engine/Content/EditorMeshes/Camera/SM_CraneRig_Base.uasset" 203
"../../../Engine/Content/EditorMeshes/Camera/SM_CraneRig_Body.uasset" 204
"../../../Engine/Content/EditorMeshes/Camera/SM_CraneRig_Mount.uasset" 205
"../../../Engine/Content/EditorMeshes/Camera/SM_RailRig_Mount.uasset" 206
"../../../Engine/Content/EditorMeshes/Camera/SM_RailRig_Track.uasset" 207
"../../../Engine/Content/EditorResources/BSPVertex.uasset" 208
"../../../Engine/Content/EditorResources/S_Actor.uasset" 209
"../../../Engine/Content/EditorResources/S_Note.uasset" 210
"../../../Engine/Content/EditorResources/S_Solver.uasset" 211
"../../../Engine/Content/EditorResources/S_Terrain.uasset" 212
"../../../Engine/Content/EditorResources/S_Trigger.uasset" 213
"../../../Engine/Content/EditorResources/SequenceRecorder/Countdown.uasset" 214
"../../../Engine/Content/EditorResources/SequenceRecorder/RecordingIndicator.uasset" 215
"../../../Engine/Content/EngineDamageTypes/DmgTypeBP_Environmental.uasset" 216
"../../../Engine/Content/EngineDebugMaterials/DebugEditorMaterial.uasset" 217
"../../../Engine/Content/EngineDebugMaterials/DebugMeshMaterial.uasset" 218
"../../../Engine/Content/EngineDebugMaterials/M_SimpleUnlitTranslucent.uasset" 219
"../../../Engine/Content/EngineDebugMaterials/VolumeToRender.uasset" 220
"../../../Engine/Content/Functions/Engine_MaterialFunctions02/Utility/CameraDirectionVector.uasset" 221
"../../../Engine/Content/EngineDebugMaterials/M_VolumeRenderSphereTracePP.uasset" 222
"../../../Engine/Content/Functions/Engine_MaterialFunctions01/Shading/ConvertFromDiffSpec.uasset" 223
"../../../Engine/Content/EngineDebugMaterials/VertexColorMaterial.uasset" 224
"../../../Engine/Content/EngineDebugMaterials/WireframeMaterial.uasset" 225
"../../../Engine/Content/EngineFonts/Faces/RobotoRegular.uasset" 226
"../../../Engine/Content/EngineFonts/Faces/RobotoLight.uasset" 227
"../../../Engine/Content/EngineFonts/Faces/RobotoItalic.uasset" 228
"../../../Engine/Content/EngineFonts/Faces/RobotoBoldItalic.uasset" 229
"../../../Engine/Content/EngineFonts/Faces/RobotoBold.uasset" 230
"../../../Engine/Content/EngineFonts/Faces/DroidSansFallback.uasset" 231
"../../../Engine/Content/EngineFonts/Roboto.uasset" 232
"../../../Engine/Content/EngineMaterials/BaseFlattenMaterial.uasset" 233
"../../../Engine/Content/EngineMaterials/BlueNoise.uasset" 234
"../../../Engine/Content/EngineMaterials/DefaultBloomKernel.uasset" 235
"../../../Engine/Content/EngineMaterials/DefaultBokeh.uasset" 236
"../../../Engine/Content/EngineMaterials/DefaultDiffuse.uasset" 237
"../../../Engine/Content/EngineMaterials/DefaultDeferredDecalMaterial.uasset" 238
"../../../Engine/Content/EngineMaterials/DefaultLightFunctionMaterial.uasset" 239
"../../../Engine/Content/EngineMaterials/DefaultPhysicalMaterial.uasset" 240
"../../../Engine/Content/Functions/Engine_MaterialFunctions02/Utility/BreakOutFloat2Components.uasset" 241
"../../../Engine/Content/EngineMaterials/DefaultPostProcessMaterial.uasset" 242
"../../../Engine/Content/EngineFonts/RobotoDistanceField.uasset" 243
"../../../Engine/Content/EngineMaterials/DefaultTextMaterialOpaque.uasset" 244
"../../../Engine/Content/EngineMaterials/DefaultWhiteGrid.uasset" 245
"../../../Engine/Content/EngineMaterials/DefaultWhiteGrid_Low.uasset" 246
"../../../Engine/Content/EngineMaterials/EmissiveMeshMaterial.uasset" 247
"../../../Engine/Content/EngineMaterials/GizmoMaterial.uasset" 248
"../../../Engine/Content/EngineMaterials/Good64x64TilingNoiseHighFreq.uasset" 249
"../../../Engine/Content/EngineMaterials/MiniFont.uasset" 250
"../../../Engine/Content/EngineMaterials/InvalidLightmapSettings.uasset" 251
"../../../Engine/Content/EngineMaterials/M_InvalidLightmapSettings.uasset" 252
"../../../Engine/Content/Functions/Engine_MaterialFunctions02/WorldPositionOffset/CameraOffset.uasset" 253
"../../../Engine/Content/EngineMaterials/PhAT_JointLimitMaterial.uasset" 254
"../../../Engine/Content/EngineMaterials/PreintegratedSkinBRDF.uasset" 255
"../../../Engine/Content/EngineMaterials/RemoveSurfaceMaterial.uasset" 256
"../../../Engine/Content/EngineMaterials/WeightMapPlaceholderTexture.uasset" 257
"../../../Engine/Content/EngineResources/WhiteSquareTexture.uasset" 258
"../../../Engine/Content/EngineMaterials/Widget3DPassThrough.uasset" 259
"../../../Engine/Content/EngineMaterials/Widget3DPassThrough_Masked.uasset" 260
"../../../Engine/Content/EngineMaterials/Widget3DPassThrough_Opaque.uasset" 261
"../../../Engine/Content/EngineMaterials/Widget3DPassThrough_Masked_OneSided.uasset" 262
"../../../Engine/Content/EngineMaterials/Widget3DPassThrough_Opaque_OneSided.uasset" 263
"../../../Engine/Content/EngineMaterials/Widget3DPassThrough_Translucent.uasset" 264
"../../../Engine/Content/EngineMaterials/Widget3DPassThrough_Translucent_OneSided.uasset" 265
"../../../Engine/Content/EngineMeshes/Cylinder.uasset" 266
"../../../Engine/Content/EngineMeshes/Sphere.uasset" 267
"../../../Engine/Content/EngineResources/DefaultTextureCube.uasset" 268
"../../../Engine/Content/EngineResources/DefaultVolumeTexture2D.uasset" 269
"../../../Engine/Content/EngineResources/DefaultVolumeTexture.uasset" 270
"../../../Engine/Content/EngineResources/GradientTexture0.uasset" 271
"../../../Engine/Content/EngineSky/VolumetricClouds/T_NoiseShape64.uasset" 272
"../../../Engine/Content/EngineSky/VolumetricClouds/T_VolumeNoiseShape64.uasset" 273
"../../../Engine/Content/EngineSky/VolumetricClouds/T_NoiseErosion.uasset" 274
"../../../Engine/Content/EngineSky/VolumetricClouds/T_VolumeNoiseErosion32.uasset" 275
"../../../Engine/Content/EngineSky/VolumetricClouds/CloudWeatherTexture.uasset" 276
"../../../Engine/Content/EngineSky/VolumetricClouds/CloudGradientTexture.uasset" 277
"../../../Engine/Content/Functions/Engine_MaterialFunctions02/Utility/MakeFloat2.uasset" 278
"../../../Engine/Content/EngineSky/VolumetricClouds/m_SimpleVolumetricCloud.uasset" 279
"../../../Engine/Content/EngineSky/VolumetricClouds/m_SimpleVolumetricCloud_Inst.uasset" 280
"../../../Engine/Content/EngineSounds/Master.uasset" 281
"../../../Engine/Content/Functions/Engine_MaterialFunctions01/Shading/PowerToRoughness.uasset" 282
"../../../Engine/Content/Maps/Templates/Thumbnails/Default.uasset" 283
"../../../Engine/Content/Maps/Templates/Thumbnails/TimeOfDay.uasset" 284
"../../../Engine/Content/Maps/Templates/Thumbnails/VR-Basic.uasset" 285
"../../../Engine/Content/MobileResources/T_MobileControls_texture.uasset" 286
"../../../Engine/Content/MobileResources/T_MobileMenu2.uasset" 287
"../../../Engine/Content/MobileResources/HUD/AnalogHat.uasset" 288
"../../../Engine/Content/MobileResources/HUD/VirtualJoystick_Thumb.uasset" 289
"../../../Engine/Content/MobileResources/HUD/VirtualJoystick_Background.uasset" 290
"../../../Engine/Content/MobileResources/HUD/DefaultVirtualJoysticks.uasset" 291
"../../../Engine/Content/MobileResources/HUD/LeftVirtualJoystickOnly.uasset" 292
"../../../Engine/Content/MobileResources/HUD/MobileHUDButton1_off.uasset" 293
"../../../Engine/Content/MobileResources/HUD/MobileHUDButton1_on.uasset" 294
"../../../Engine/Content/MobileResources/HUD/MobileHUDButton2_off.uasset" 295
"../../../Engine/Content/MobileResources/HUD/MobileHUDButton2_on.uasset" 296
"../../../Engine/Content/MobileResources/HUD/MobileHUDButton3.uasset" 297
"../../../Engine/Content/MobileResources/HUD/MobileHUDButtonFire.uasset" 298
"../../../Engine/Content/MobileResources/HUD/MobileHUDDirectionPad.uasset" 299
"../../../Engine/Content/MobileResources/HUD/MobileHUDDirectionPad2.uasset" 300
"../../../Engine/Content/MobileResources/HUD/MobileHUDDirectionPad3.uasset" 301
"../../../Engine/Content/MobileResources/HUD/MobileHUDDirectionStick.uasset" 302
"../../../Engine/Content/MobileResources/HUD/T_Castle_ThumbstickInner.uasset" 303
"../../../Engine/Content/MobileResources/HUD/T_Castle_ThumbstickOutter.uasset" 304
"../../../Engine/Content/Tutorial/ContentIntroCurve.uasset" 305
"../../../Engine/Content/Tutorial/Basics/LevelEditorAttract.uasset" 306
"../../../Engine/Content/Tutorial/Basics/TutorialAssets/icon_tab_Levels_40x.uasset" 307
"../../../Engine/Content/Tutorial/Basics/LevelEditorOverview.uasset" 308
"../../../Engine/Content/Tutorial/BlueprintTutorials/TutorialAssets/Blueprint_64x.uasset" 309
"../../../Engine/Content/Tutorial/BlueprintTutorials/BlueprintEditorTutorial.uasset" 310
"../../../Engine/Content/VREditor/TransformGizmo/TranslucentTransformGizmoMaterial.uasset" 311
"../../../Engine/Content/VREditor/LaserPointer/VR_LaserPower_01.uasset" 312
"../../../Engine/Content/VREditor/TransformGizmo/TransformGizmoMaterial.uasset" 313
"../../../Engine/Content/VREditor/TransformGizmo/BoundingBoxCorner.uasset" 314
"../../../Engine/Content/VREditor/TransformGizmo/BoundingBoxEdge.uasset" 315
"../../../Engine/Content/VREditor/TransformGizmo/PlaneTranslationHandle.uasset" 316
"../../../Engine/Content/VREditor/TransformGizmo/Xray.uasset" 317
"../../../Engine/Content/VREditor/TransformGizmo/Main.uasset" 318
"../../../Engine/Content/VREditor/TransformGizmo/SM_Sequencer_Key.uasset" 319
"../../../Engine/Content/VREditor/TransformGizmo/SM_Sequencer_Node.uasset" 320
"../../Plugins/2D/Paper2D/Content/PlaceholderTextures/DummySpriteTexture.uasset" 321
"../../Plugins/2D/Paper2D/Content/DummySprite.uasset" 322
"../../Plugins/2D/Paper2D/Content/DefaultPaperTerrainMaterial.uasset" 323
"../../Plugins/2D/Paper2D/Content/DefaultSpriteMaterial.uasset" 324
"../../Plugins/2D/Paper2D/Content/MaskedUnlitSpriteMaterial.uasset" 325
"../../Plugins/2D/Paper2D/Content/OpaqueUnlitSpriteMaterial.uasset" 326
"../../../Engine/Content/Functions/Engine_MaterialFunctions02/Utility/BreakOutFloat3Components.uasset" 327
"../../Plugins/Editor/SpeedTreeImporter/Content/SpeedTree9/UnpackInteger3.uasset" 328
"../../Plugins/Editor/SpeedTreeImporter/Content/SpeedTree9/UnpackDirection.uasset" 329
"../../Plugins/Editor/SpeedTreeImporter/Content/SpeedTree9/game_wind_noise.uasset" 330
"../../../Engine/Content/Functions/Engine_MaterialFunctions02/SafeNormalize.uasset" 331
"../../Plugins/Editor/SpeedTreeImporter/Content/SpeedTree9/SpeedTreeWindMotion.uasset" 332
"../../Plugins/Editor/SpeedTreeImporter/Content/SpeedTree9/SpeedTreeBranchMotion.uasset" 333
"../../../Engine/Content/Functions/Engine_MaterialFunctions02/ObjectLocalBounds.uasset" 334
"../../../Engine/Content/Functions/Engine_MaterialFunctions02/UVs/BoundingBoxBased_0-1_UVW.uasset" 335
"../../Plugins/Editor/SpeedTreeImporter/Content/SpeedTree9/SpeedTreeWind.uasset" 336
"../../Plugins/Editor/SpeedTreeImporter/Content/SpeedTree9/SpeedTreeBillboard.uasset" 337
"../../../Engine/Content/EngineResources/DefaultTexture.uasset" 338
"../../Plugins/Editor/SpeedTreeImporter/Content/SpeedTree9/SpeedTreeBillboardMaster.uasset" 339
"../../Plugins/Editor/SpeedTreeImporter/Content/SpeedTree9/SpeedTreeCameraFacing.uasset" 340
"../../Plugins/Editor/SpeedTreeImporter/Content/SpeedTree9/SpeedTreeMaster.uasset" 341
"../../../Engine/Content/ArtTools/RenderToTexture/Materials/Debug/M_Emissive_Color.uasset" 342
"../../../Engine/Content/BasicShapes/Cylinder.uasset" 343
"../../Plugins/Lumin/MagicLeapPassableWorld/Content/MagicLeapARPinInfoActor.uasset" 344
"../../Plugins/Runtime/HDRIBackdrop/Content/Textures/approaching_storm_4k.uasset" 345
"../../Plugins/Runtime/HDRIBackdrop/Content/Meshes/EnviroDome.uasset" 346
"../../../Engine/Content/Functions/Engine_MaterialFunctions02/WorldPositionOffset/ObjectPivotPoint.uasset" 347
"../../Plugins/Runtime/HDRIBackdrop/Content/Materials/HDRI_Attributes.uasset" 348
"../../../Engine/Content/Functions/Engine_MaterialFunctions02/Utility/VectorLength.uasset" 349
"../../Plugins/Runtime/HDRIBackdrop/Content/Materials/HDRI_Projection.uasset" 350
"../../Plugins/Runtime/HDRIBackdrop/Content/Materials/MI_HDRI_CenterProjection.uasset" 351
"../../Plugins/Runtime/HDRIBackdrop/Content/Materials/MI_HDRI_CameraProjection.uasset" 352
"../../Plugins/Runtime/HDRIBackdrop/Content/Blueprints/HDRIBackdrop.uasset" 353
"../../../Engine/Content/Functions/Engine_MaterialFunctions02/Utility/BreakOutFloat4Components.uasset" 354
"../../../Engine/Content/Functions/Engine_MaterialFunctions02/Utility/MakeFloat3.uasset" 355
"../../Plugins/Runtime/Oculus/OculusVR/Content/Materials/OculusMR_ChromaKey.uasset" 356
"../../Plugins/Runtime/Oculus/OculusVR/Content/Materials/OculusMR_OpaqueColoredMaterial.uasset" 357
"../../Plugins/Runtime/Oculus/OculusVR/Content/Materials/PokeAHoleMaterial.uasset" 358
"../../../../../Documents/GitHub/MoonJunk/Plugins/Wwise/Content/S_AkSpotReflector.uasset" 359
"../../../../../Documents/GitHub/MoonJunk/Plugins/Wwise/Content/WwiseTree/Icons/acoutex_nor.uasset" 360
"../../../../../Documents/GitHub/MoonJunk/Plugins/Wwise/Content/WwiseTree/Icons/actor_mixer_nor.uasset" 361
"../../../../../Documents/GitHub/MoonJunk/Plugins/Wwise/Content/WwiseTree/Icons/auxbus_nor.uasset" 362
"../../../../../Documents/GitHub/MoonJunk/Plugins/Wwise/Content/WwiseTree/Icons/bus_nor.uasset" 363
"../../../../../Documents/GitHub/MoonJunk/Plugins/Wwise/Content/WwiseTree/Icons/container_random_sequence_nor.uasset" 364
"../../../../../Documents/GitHub/MoonJunk/Plugins/Wwise/Content/WwiseTree/Icons/container_switch_nor.uasset" 365
"../../../../../Documents/GitHub/MoonJunk/Plugins/Wwise/Content/WwiseTree/Icons/event_nor.uasset" 366
"../../../../../Documents/GitHub/MoonJunk/Plugins/Wwise/Content/WwiseTree/Icons/folder_nor.uasset" 367
"../../../../../Documents/GitHub/MoonJunk/Plugins/Wwise/Content/WwiseTree/Icons/gameparameter_nor.uasset" 368
"../../../../../Documents/GitHub/MoonJunk/Plugins/Wwise/Content/WwiseTree/Icons/layer_container_nor.uasset" 369
"../../../../../Documents/GitHub/MoonJunk/Plugins/Wwise/Content/WwiseTree/Icons/motion_bus_nor.uasset" 370
"../../../../../Documents/GitHub/MoonJunk/Plugins/Wwise/Content/WwiseTree/Icons/physical_folder_nor.uasset" 371
"../../../../../Documents/GitHub/MoonJunk/Plugins/Wwise/Content/WwiseTree/Icons/sound_fx_nor.uasset" 372
"../../../../../Documents/GitHub/MoonJunk/Plugins/Wwise/Content/WwiseTree/Icons/stategroup_nor.uasset" 373
"../../../../../Documents/GitHub/MoonJunk/Plugins/Wwise/Content/WwiseTree/Icons/state_nor.uasset" 374
"../../../../../Documents/GitHub/MoonJunk/Plugins/Wwise/Content/WwiseTree/Icons/switchgroup_nor.uasset" 375
"../../../../../Documents/GitHub/MoonJunk/Plugins/Wwise/Content/WwiseTree/Icons/switch_nor.uasset" 376
"../../../../../Documents/GitHub/MoonJunk/Plugins/Wwise/Content/WwiseTree/Icons/Titlebar_WwiseAppIcon.uasset" 377
"../../../../../Documents/GitHub/MoonJunk/Plugins/Wwise/Content/WwiseTree/Icons/trigger_nor.uasset" 378
"../../../../../Documents/GitHub/MoonJunk/Plugins/Wwise/Content/WwiseTree/Icons/workunit_nor.uasset" 379
"../../../../../Documents/GitHub/MoonJunk/Plugins/Wwise/Content/WwiseTree/Icons/wproj.uasset" 380
"../../../../../Documents/GitHub/MoonJunk/Plugins/Wwise/Content/WwiseTree/Icons/wwise_icon_16.uasset" 381
"../../../../../Documents/GitHub/MoonJunk/Plugins/Wwise/Content/WwiseTree/Icons/wwise_icon_512.uasset" 382
"../../../../../Documents/GitHub/MoonJunk/Plugins/Wwise/Content/WwiseTree/Icons/wwise_logo_32.uasset" 383
"../../../../../Documents/GitHub/MoonJunk/Plugins/Wwise/Content/WwiseTypes/AkAcousticTexture.uasset" 384
"../../../../../Documents/GitHub/MoonJunk/Plugins/Wwise/Content/WwiseTypes/AkAudioBank.uasset" 385
"../../../../../Documents/GitHub/MoonJunk/Plugins/Wwise/Content/WwiseTypes/AkAudioEvent.uasset" 386
"../../../../../Documents/GitHub/MoonJunk/Plugins/Wwise/Content/WwiseTypes/AkAuxBus.uasset" 387
"../../../../../Documents/GitHub/MoonJunk/Plugins/Wwise/Content/WwiseTypes/AkExternalMediaAsset.uasset" 388
"../../../../../Documents/GitHub/MoonJunk/Plugins/Wwise/Content/WwiseTypes/AkLocalizedMediaAsset.uasset" 389
"../../../../../Documents/GitHub/MoonJunk/Plugins/Wwise/Content/WwiseTypes/AkMediaAsset.uasset" 390
"../../../../../Documents/GitHub/MoonJunk/Plugins/Wwise/Content/WwiseTypes/AkRtpc.uasset" 391
"../../../../../Documents/GitHub/MoonJunk/Plugins/Wwise/Content/WwiseTypes/AkStateValue.uasset" 392
"../../../../../Documents/GitHub/MoonJunk/Plugins/Wwise/Content/WwiseTypes/AkSwitchValue.uasset" 393
"../../../../../Documents/GitHub/MoonJunk/Plugins/Wwise/Content/WwiseTypes/AkTrigger.uasset" 394
"../../../../../Documents/GitHub/MoonJunk/Plugins/Wwise/Content/WwiseTypes/AK_Acoustic_Portal.uasset" 395
"../../../../../Documents/GitHub/MoonJunk/Plugins/Wwise/Content/WwiseTypes/AK_Acoustic_Portal_Explorer.uasset" 396
"../../../../../Documents/GitHub/MoonJunk/Plugins/Wwise/Content/WwiseTypes/AK_Reverb_Volume.uasset" 397
"../../../../../Documents/GitHub/MoonJunk/Plugins/Wwise/Content/WwiseTypes/AK_Reverb_Volume_Explorer.uasset" 398
"../../../../../Documents/GitHub/MoonJunk/Plugins/Wwise/Content/WwiseTypes/AK_Spatial_Audio_Volume.uasset" 399
"../../../../../Documents/GitHub/MoonJunk/Plugins/Wwise/Content/WwiseTypes/AK_Spatial_Audio_Volume_Explorer.uasset" 400
"../../../../../Documents/GitHub/MoonJunk/Content/Maps/MainMenu.umap" 401
"../../../Engine/Content/Maps/Entry_BuiltData.uasset" 402
"../../../Engine/Content/Maps/Entry.umap" 403
